
7月 01, 2017 15:05:39.62 NEW SESSION
7月 01, 2017 15:05:39.62 1498892739612	addons.webextension.wx-assistant@mozillaonline.com	WARN	Please specify whether you want browser_style or not in your browser_action options.
7月 01, 2017 15:14:10.26 1498893250255	addons.update-checker	WARN	HTTP Request failed for an unknown reason
7月 01, 2017 15:14:10.92 1498893250922	addons.update-checker	WARN	Update manifest for firefox@getpocket.com did not contain an updates property
7月 01, 2017 15:14:10.95 1498893250947	addons.update-checker	WARN	Update manifest for webcompat@mozilla.org did not contain an updates property
7月 01, 2017 15:14:11.04 1498893251041	addons.update-checker	WARN	Update manifest for e10srollout@mozilla.org did not contain an updates property
7月 01, 2017 15:14:11.14 1498893251141	addons.update-checker	WARN	Update manifest for {972ce4c6-7e08-4474-a285-3208198ce6fd} did not contain an updates property
7月 01, 2017 15:14:11.16 1498893251163	addons.update-checker	WARN	Update manifest for followonsearch@mozilla.com did not contain an updates property
7月 01, 2017 15:14:12.18 1498893252176	addons.update-checker	WARN	Update manifest for aushelper@mozilla.org did not contain an updates property
7月 01, 2017 15:16:10.14 1498893370140	addons.xpi	WARN	Add-on debugger@aptana.com is not correctly signed.
7月 01, 2017 15:16:10.48 *************************
7月 01, 2017 15:16:10.48 A coding exception was thrown and uncaught in a Task.
7月 01, 2017 15:16:10.49 
7月 01, 2017 15:16:10.49 Full message: TypeError: NetworkError when attempting to fetch resource.
7月 01, 2017 15:16:10.49 Full stack: loadFile@resource://gre/modules/services-common/blocklist-clients.js:119:30
7月 01, 2017 15:16:10.49 TaskImpl_run@resource://gre/modules/Task.jsm:319:42
7月 01, 2017 15:16:10.49 TaskImpl@resource://gre/modules/Task.jsm:277:3
7月 01, 2017 15:16:10.50 asyncFunction@resource://gre/modules/Task.jsm:252:14
7月 01, 2017 15:16:10.50 Task_spawn@resource://gre/modules/Task.jsm:166:12
7月 01, 2017 15:16:10.50 loadDumpFile@resource://gre/modules/services-common/blocklist-clients.js:118:12
7月 01, 2017 15:16:10.50 syncCollection@resource://gre/modules/services-common/blocklist-clients.js:212:39
7月 01, 2017 15:16:10.50 TaskImpl_run@resource://gre/modules/Task.jsm:319:42
7月 01, 2017 15:16:10.50 
7月 01, 2017 15:16:10.50 *************************
7月 01, 2017 15:18:08.82 1498893488816	addons.xpi	WARN	Add-on debugger@aptana.com is not correctly signed.
7月 01, 2017 20:06:38.21 1498910797898	Sync.BrowserIDManager	ERROR	Non-authentication error in _fetchTokenForUser: TokenServerClientNetworkError({"error":{}}) (resource://gre/modules/services-common/tokenserverclient.js:38:36) JS Stack trace: TokenServerClientNetworkError@tokenserverclient.js:62:16 < onResponse@tokenserverclient.js:273:12 < onStopRequest@rest.js:485:7 < waitForSyncCallback@async.js:98:7 < makeSpinningCallback/callback.wait@async.js:168:27 < _getAuthenticationHeader@browserid_identity.js:702:7 < Res__createRequest@resource.js:156:20 < _doRequest@resource.js:181:19 < Res__request@resource.js:385:7 < Res_get@resource.js:415:12 < _fetchInfo@service.js:500:14 < sync@enginesync.js:82:16 < onNotify@service.js:1115:7 < WrappedNotify@util.js:164:21 < WrappedLock@util.js:120:16 < _lockedSync@service.js:1105:12 < sync/<@service.js:1097:7 < WrappedCatch@util.js:95:16 < sync@service.js:1086:5
7月 01, 2017 20:06:38.23 1498910797906	Sync.BrowserIDManager	ERROR	Failed to fetch a token for authentication: TokenServerClientNetworkError({"error":{}}) (resource://gre/modules/services-common/tokenserverclient.js:38:36) JS Stack trace: TokenServerClientNetworkError@tokenserverclient.js:62:16 < onResponse@tokenserverclient.js:273:12 < onStopRequest@rest.js:485:7 < waitForSyncCallback@async.js:98:7 < makeSpinningCallback/callback.wait@async.js:168:27 < _getAuthenticationHeader@browserid_identity.js:702:7 < Res__createRequest@resource.js:156:20 < _doRequest@resource.js:181:19 < Res__request@resource.js:385:7 < Res_get@resource.js:415:12 < _fetchInfo@service.js:500:14 < sync@enginesync.js:82:16 < onNotify@service.js:1115:7 < WrappedNotify@util.js:164:21 < WrappedLock@util.js:120:16 < _lockedSync@service.js:1105:12 < sync/<@service.js:1097:7 < WrappedCatch@util.js:95:16 < sync@service.js:1086:5
7月 01, 2017 20:06:38.25 1498910798248	Sync.ErrorHandler	ERROR	Sync encountered an error: Error: NS_ERROR_UNKNOWN_HOST (resource://services-sync/resource.js:395:19) JS Stack trace: waitForSyncCallback@async.js:98:7 < Res__request@resource.js:386:14 < Res_get@resource.js:415:12 < _fetchInfo@service.js:500:14 < sync@enginesync.js:82:16 < onNotify@service.js:1115:7 < WrappedNotify@util.js:164:21 < WrappedLock@util.js:120:16 < _lockedSync@service.js:1105:12 < sync/<@service.js:1097:7 < WrappedCatch@util.js:95:16 < sync@service.js:1086:5 < Res_get@resource.js:415:12 < _fetchInfo@service.js:500:14 < sync@enginesync.js:82:16 < onNotify@service.js:1115:7 < WrappedNotify@util.js:164:21 < WrappedLock@util.js:120:16 < _lockedSync@service.js:1105:12 < sync/<@service.js:1097:7 < WrappedCatch@util.js:95:16 < sync@service.js:1086:5
7月 01, 2017 20:16:02.56 1498911362553	Sync.BrowserIDManager	ERROR	Non-authentication error in _fetchTokenForUser: TokenServerClientNetworkError({"error":{}}) (resource://gre/modules/services-common/tokenserverclient.js:38:36) JS Stack trace: TokenServerClientNetworkError@tokenserverclient.js:62:16 < onResponse@tokenserverclient.js:273:12 < onStopRequest@rest.js:485:7 < waitForSyncCallback@async.js:98:7 < makeSpinningCallback/callback.wait@async.js:168:27 < _getAuthenticationHeader@browserid_identity.js:702:7 < Res__createRequest@resource.js:156:20 < _doRequest@resource.js:181:19 < Res__request@resource.js:385:7 < Res_get@resource.js:415:12 < _fetchInfo@service.js:500:14 < sync@enginesync.js:82:16 < onNotify@service.js:1115:7 < WrappedNotify@util.js:164:21 < WrappedLock@util.js:120:16 < _lockedSync@service.js:1105:12 < sync/<@service.js:1097:7 < WrappedCatch@util.js:95:16 < sync@service.js:1086:5
7月 01, 2017 20:16:02.56 1498911362560	Sync.BrowserIDManager	ERROR	Failed to fetch a token for authentication: TokenServerClientNetworkError({"error":{}}) (resource://gre/modules/services-common/tokenserverclient.js:38:36) JS Stack trace: TokenServerClientNetworkError@tokenserverclient.js:62:16 < onResponse@tokenserverclient.js:273:12 < onStopRequest@rest.js:485:7 < waitForSyncCallback@async.js:98:7 < makeSpinningCallback/callback.wait@async.js:168:27 < _getAuthenticationHeader@browserid_identity.js:702:7 < Res__createRequest@resource.js:156:20 < _doRequest@resource.js:181:19 < Res__request@resource.js:385:7 < Res_get@resource.js:415:12 < _fetchInfo@service.js:500:14 < sync@enginesync.js:82:16 < onNotify@service.js:1115:7 < WrappedNotify@util.js:164:21 < WrappedLock@util.js:120:16 < _lockedSync@service.js:1105:12 < sync/<@service.js:1097:7 < WrappedCatch@util.js:95:16 < sync@service.js:1086:5
7月 01, 2017 20:16:02.63 1498911362620	Sync.ErrorHandler	ERROR	Sync encountered an error: Error: NS_ERROR_UNKNOWN_HOST (resource://services-sync/resource.js:395:19) JS Stack trace: waitForSyncCallback@async.js:98:7 < Res__request@resource.js:386:14 < Res_get@resource.js:415:12 < _fetchInfo@service.js:500:14 < sync@enginesync.js:82:16 < onNotify@service.js:1115:7 < WrappedNotify@util.js:164:21 < WrappedLock@util.js:120:16 < _lockedSync@service.js:1105:12 < sync/<@service.js:1097:7 < WrappedCatch@util.js:95:16 < sync@service.js:1086:5 < Res_get@resource.js:415:12 < _fetchInfo@service.js:500:14 < sync@enginesync.js:82:16 < onNotify@service.js:1115:7 < WrappedNotify@util.js:164:21 < WrappedLock@util.js:120:16 < _lockedSync@service.js:1105:12 < sync/<@service.js:1097:7 < WrappedCatch@util.js:95:16 < sync@service.js:1086:5
7月 01, 2017 20:26:46.63 1498912006625	Sync.BrowserIDManager	ERROR	Non-authentication error in _fetchTokenForUser: TokenServerClientNetworkError({"error":{}}) (resource://gre/modules/services-common/tokenserverclient.js:38:36) JS Stack trace: TokenServerClientNetworkError@tokenserverclient.js:62:16 < onResponse@tokenserverclient.js:273:12 < onStopRequest@rest.js:485:7 < waitForSyncCallback@async.js:98:7 < makeSpinningCallback/callback.wait@async.js:168:27 < _getAuthenticationHeader@browserid_identity.js:702:7 < Res__createRequest@resource.js:156:20 < _doRequest@resource.js:181:19 < Res__request@resource.js:385:7 < Res_get@resource.js:415:12 < _fetchInfo@service.js:500:14 < sync@enginesync.js:82:16 < onNotify@service.js:1115:7 < WrappedNotify@util.js:164:21 < WrappedLock@util.js:120:16 < _lockedSync@service.js:1105:12 < sync/<@service.js:1097:7 < WrappedCatch@util.js:95:16 < sync@service.js:1086:5
7月 01, 2017 20:26:46.63 1498912006627	Sync.BrowserIDManager	ERROR	Failed to fetch a token for authentication: TokenServerClientNetworkError({"error":{}}) (resource://gre/modules/services-common/tokenserverclient.js:38:36) JS Stack trace: TokenServerClientNetworkError@tokenserverclient.js:62:16 < onResponse@tokenserverclient.js:273:12 < onStopRequest@rest.js:485:7 < waitForSyncCallback@async.js:98:7 < makeSpinningCallback/callback.wait@async.js:168:27 < _getAuthenticationHeader@browserid_identity.js:702:7 < Res__createRequest@resource.js:156:20 < _doRequest@resource.js:181:19 < Res__request@resource.js:385:7 < Res_get@resource.js:415:12 < _fetchInfo@service.js:500:14 < sync@enginesync.js:82:16 < onNotify@service.js:1115:7 < WrappedNotify@util.js:164:21 < WrappedLock@util.js:120:16 < _lockedSync@service.js:1105:12 < sync/<@service.js:1097:7 < WrappedCatch@util.js:95:16 < sync@service.js:1086:5
7月 01, 2017 20:27:28.91 1498912048906	Sync.ErrorHandler	ERROR	Sync encountered an error: Error: NS_ERROR_NET_TIMEOUT (resource://services-sync/resource.js:395:19) JS Stack trace: waitForSyncCallback@async.js:98:7 < Res__request@resource.js:386:14 < Res_get@resource.js:415:12 < _fetchInfo@service.js:500:14 < sync@enginesync.js:82:16 < onNotify@service.js:1115:7 < WrappedNotify@util.js:164:21 < WrappedLock@util.js:120:16 < _lockedSync@service.js:1105:12 < sync/<@service.js:1097:7 < WrappedCatch@util.js:95:16 < sync@service.js:1086:5 < Res_get@resource.js:415:12 < _fetchInfo@service.js:500:14 < sync@enginesync.js:82:16 < onNotify@service.js:1115:7 < WrappedNotify@util.js:164:21 < WrappedLock@util.js:120:16 < _lockedSync@service.js:1105:12 < sync/<@service.js:1097:7 < WrappedCatch@util.js:95:16 < sync@service.js:1086:5
7月 01, 2017 20:37:51.57 1498912671567	Sync.BrowserIDManager	ERROR	Non-authentication error in _fetchTokenForUser: TokenServerClientNetworkError({"error":{}}) (resource://gre/modules/services-common/tokenserverclient.js:38:36) JS Stack trace: TokenServerClientNetworkError@tokenserverclient.js:62:16 < onResponse@tokenserverclient.js:273:12 < onStopRequest@rest.js:485:7 < waitForSyncCallback@async.js:98:7 < makeSpinningCallback/callback.wait@async.js:168:27 < _getAuthenticationHeader@browserid_identity.js:702:7 < Res__createRequest@resource.js:156:20 < _doRequest@resource.js:181:19 < Res__request@resource.js:385:7 < Res_get@resource.js:415:12 < _fetchInfo@service.js:500:14 < sync@enginesync.js:82:16 < onNotify@service.js:1115:7 < WrappedNotify@util.js:164:21 < WrappedLock@util.js:120:16 < _lockedSync@service.js:1105:12 < sync/<@service.js:1097:7 < WrappedCatch@util.js:95:16 < sync@service.js:1086:5
7月 01, 2017 20:37:51.58 1498912671578	Sync.BrowserIDManager	ERROR	Failed to fetch a token for authentication: TokenServerClientNetworkError({"error":{}}) (resource://gre/modules/services-common/tokenserverclient.js:38:36) JS Stack trace: TokenServerClientNetworkError@tokenserverclient.js:62:16 < onResponse@tokenserverclient.js:273:12 < onStopRequest@rest.js:485:7 < waitForSyncCallback@async.js:98:7 < makeSpinningCallback/callback.wait@async.js:168:27 < _getAuthenticationHeader@browserid_identity.js:702:7 < Res__createRequest@resource.js:156:20 < _doRequest@resource.js:181:19 < Res__request@resource.js:385:7 < Res_get@resource.js:415:12 < _fetchInfo@service.js:500:14 < sync@enginesync.js:82:16 < onNotify@service.js:1115:7 < WrappedNotify@util.js:164:21 < WrappedLock@util.js:120:16 < _lockedSync@service.js:1105:12 < sync/<@service.js:1097:7 < WrappedCatch@util.js:95:16 < sync@service.js:1086:5
7月 01, 2017 20:37:59.64 1498912679439	Sync.ErrorHandler	ERROR	Sync encountered an error: Error: NS_ERROR_ABORT (resource://services-sync/resource.js:395:19) JS Stack trace: waitForSyncCallback@async.js:98:7 < Res__request@resource.js:386:14 < Res_get@resource.js:415:12 < _fetchInfo@service.js:500:14 < sync@enginesync.js:82:16 < onNotify@service.js:1115:7 < WrappedNotify@util.js:164:21 < WrappedLock@util.js:120:16 < _lockedSync@service.js:1105:12 < sync/<@service.js:1097:7 < WrappedCatch@util.js:95:16 < sync@service.js:1086:5 < Res_get@resource.js:415:12 < _fetchInfo@service.js:500:14 < sync@enginesync.js:82:16 < onNotify@service.js:1115:7 < WrappedNotify@util.js:164:21 < WrappedLock@util.js:120:16 < _lockedSync@service.js:1105:12 < sync/<@service.js:1097:7 < WrappedCatch@util.js:95:16 < sync@service.js:1086:5
7月 01, 2017 21:08:33.47 TabSources.prototype._fetchSourceMap threw an exception: SyntaxError: JSON.parse: unexpected character at line 1 column 1 of the JSON data
7月 01, 2017 21:08:33.47 Stack: SourceMapConsumer@resource://gre/modules/commonjs/toolkit/loader.js -> resource://devtools/shared/sourcemap/source-map.js:1281:20
7月 01, 2017 21:08:33.47 _fetchSourceMap/fetching<@resource://gre/modules/commonjs/toolkit/loader.js -> resource://devtools/server/actors/utils/TabSources.js:458:19
7月 01, 2017 21:08:33.47 process@resource://gre/modules/Promise.jsm -> resource://gre/modules/Promise-backend.js:922:23
7月 01, 2017 21:08:33.48 walkerLoop@resource://gre/modules/Promise.jsm -> resource://gre/modules/Promise-backend.js:806:7
7月 01, 2017 21:08:33.48 scheduleWalkerLoop/<@resource://gre/modules/Promise.jsm -> resource://gre/modules/Promise-backend.js:742:11
7月 01, 2017 21:08:33.48 Line: 1281, column: 20
7月 01, 2017 21:08:33.48 console.error: 
7月 01, 2017 21:08:33.48   TabSources.prototype._fetchSourceMap threw an exception: SyntaxError: JSON.parse: unexpected character at line 1 column 1 of the JSON data
7月 01, 2017 21:08:33.49 Stack: SourceMapConsumer@resource://gre/modules/commonjs/toolkit/loader.js -> resource://devtools/shared/sourcemap/source-map.js:1281:20
7月 01, 2017 21:08:33.49 _fetchSourceMap/fetching<@resource://gre/modules/commonjs/toolkit/loader.js -> resource://devtools/server/actors/utils/TabSources.js:458:19
7月 01, 2017 21:08:33.49 process@resource://gre/modules/Promise.jsm -> resource://gre/modules/Promise-backend.js:922:23
7月 01, 2017 21:08:33.49 walkerLoop@resource://gre/modules/Promise.jsm -> resource://gre/modules/Promise-backend.js:806:7
7月 01, 2017 21:08:33.49 scheduleWalkerLoop/<@resource://gre/modules/Promise.jsm -> resource://gre/modules/Promise-backend.js:742:11
7月 01, 2017 21:08:33.49 Line: 1281, column: 20
7月 01, 2017 23:26:47.10 1498922807098	Sync.BrowserIDManager	ERROR	Non-authentication error in _fetchTokenForUser: TokenServerClientNetworkError({"error":{}}) (resource://gre/modules/services-common/tokenserverclient.js:38:36) JS Stack trace: TokenServerClientNetworkError@tokenserverclient.js:62:16 < onResponse@tokenserverclient.js:273:12 < onStopRequest@rest.js:485:7 < waitForSyncCallback@async.js:98:7 < makeSpinningCallback/callback.wait@async.js:168:27 < _getAuthenticationHeader@browserid_identity.js:702:7 < Res__createRequest@resource.js:156:20 < _doRequest@resource.js:181:19 < Res__request@resource.js:385:7 < Res_get@resource.js:415:12 < _fetchInfo@service.js:500:14 < sync@enginesync.js:82:16 < onNotify@service.js:1115:7 < WrappedNotify@util.js:164:21 < WrappedLock@util.js:120:16 < _lockedSync@service.js:1105:12 < sync/<@service.js:1097:7 < WrappedCatch@util.js:95:16 < sync@service.js:1086:5
7月 01, 2017 23:26:47.11 1498922807105	Sync.BrowserIDManager	ERROR	Failed to fetch a token for authentication: TokenServerClientNetworkError({"error":{}}) (resource://gre/modules/services-common/tokenserverclient.js:38:36) JS Stack trace: TokenServerClientNetworkError@tokenserverclient.js:62:16 < onResponse@tokenserverclient.js:273:12 < onStopRequest@rest.js:485:7 < waitForSyncCallback@async.js:98:7 < makeSpinningCallback/callback.wait@async.js:168:27 < _getAuthenticationHeader@browserid_identity.js:702:7 < Res__createRequest@resource.js:156:20 < _doRequest@resource.js:181:19 < Res__request@resource.js:385:7 < Res_get@resource.js:415:12 < _fetchInfo@service.js:500:14 < sync@enginesync.js:82:16 < onNotify@service.js:1115:7 < WrappedNotify@util.js:164:21 < WrappedLock@util.js:120:16 < _lockedSync@service.js:1105:12 < sync/<@service.js:1097:7 < WrappedCatch@util.js:95:16 < sync@service.js:1086:5
7月 01, 2017 23:27:29.51 1498922849512	Sync.ErrorHandler	ERROR	Sync encountered an error: Error: NS_ERROR_NET_TIMEOUT (resource://services-sync/resource.js:395:19) JS Stack trace: waitForSyncCallback@async.js:98:7 < Res__request@resource.js:386:14 < Res_get@resource.js:415:12 < _fetchInfo@service.js:500:14 < sync@enginesync.js:82:16 < onNotify@service.js:1115:7 < WrappedNotify@util.js:164:21 < WrappedLock@util.js:120:16 < _lockedSync@service.js:1105:12 < sync/<@service.js:1097:7 < WrappedCatch@util.js:95:16 < sync@service.js:1086:5 < Res_get@resource.js:415:12 < _fetchInfo@service.js:500:14 < sync@enginesync.js:82:16 < onNotify@service.js:1115:7 < WrappedNotify@util.js:164:21 < WrappedLock@util.js:120:16 < _lockedSync@service.js:1105:12 < sync/<@service.js:1097:7 < WrappedCatch@util.js:95:16 < sync@service.js:1086:5
7月 01, 2017 23:31:57.15 1498923117151	Sync.BrowserIDManager	ERROR	Non-authentication error in _fetchTokenForUser: TokenServerClientNetworkError({"error":{}}) (resource://gre/modules/services-common/tokenserverclient.js:38:36) JS Stack trace: TokenServerClientNetworkError@tokenserverclient.js:62:16 < onResponse@tokenserverclient.js:273:12 < onStopRequest@rest.js:485:7 < waitForSyncCallback@async.js:98:7 < makeSpinningCallback/callback.wait@async.js:168:27 < _getAuthenticationHeader@browserid_identity.js:702:7 < Res__createRequest@resource.js:156:20 < _doRequest@resource.js:181:19 < Res__request@resource.js:385:7 < Res_get@resource.js:415:12 < _fetchInfo@service.js:500:14 < sync@enginesync.js:82:16 < onNotify@service.js:1115:7 < WrappedNotify@util.js:164:21 < WrappedLock@util.js:120:16 < _lockedSync@service.js:1105:12 < sync/<@service.js:1097:7 < WrappedCatch@util.js:95:16 < sync@service.js:1086:5
7月 01, 2017 23:31:57.16 1498923117154	Sync.BrowserIDManager	ERROR	Failed to fetch a token for authentication: TokenServerClientNetworkError({"error":{}}) (resource://gre/modules/services-common/tokenserverclient.js:38:36) JS Stack trace: TokenServerClientNetworkError@tokenserverclient.js:62:16 < onResponse@tokenserverclient.js:273:12 < onStopRequest@rest.js:485:7 < waitForSyncCallback@async.js:98:7 < makeSpinningCallback/callback.wait@async.js:168:27 < _getAuthenticationHeader@browserid_identity.js:702:7 < Res__createRequest@resource.js:156:20 < _doRequest@resource.js:181:19 < Res__request@resource.js:385:7 < Res_get@resource.js:415:12 < _fetchInfo@service.js:500:14 < sync@enginesync.js:82:16 < onNotify@service.js:1115:7 < WrappedNotify@util.js:164:21 < WrappedLock@util.js:120:16 < _lockedSync@service.js:1105:12 < sync/<@service.js:1097:7 < WrappedCatch@util.js:95:16 < sync@service.js:1086:5
7月 01, 2017 23:32:19.27 1498923139268	Sync.ErrorHandler	ERROR	Sync encountered an error: Error: NS_ERROR_UNKNOWN_HOST (resource://services-sync/resource.js:395:19) JS Stack trace: waitForSyncCallback@async.js:98:7 < Res__request@resource.js:386:14 < Res_get@resource.js:415:12 < _fetchInfo@service.js:500:14 < sync@enginesync.js:82:16 < onNotify@service.js:1115:7 < WrappedNotify@util.js:164:21 < WrappedLock@util.js:120:16 < _lockedSync@service.js:1105:12 < sync/<@service.js:1097:7 < WrappedCatch@util.js:95:16 < sync@service.js:1086:5 < Res_get@resource.js:415:12 < _fetchInfo@service.js:500:14 < sync@enginesync.js:82:16 < onNotify@service.js:1115:7 < WrappedNotify@util.js:164:21 < WrappedLock@util.js:120:16 < _lockedSync@service.js:1105:12 < sync/<@service.js:1097:7 < WrappedCatch@util.js:95:16 < sync@service.js:1086:5
7月 01, 2017 23:33:48.28 console.error: 
7月 01, 2017 23:33:48.28   Message: ReferenceError: reason is not defined
7月 01, 2017 23:33:48.29   Stack:
7月 01, 2017 23:33:48.29     exports.onUnload@resource://gre/modules/commonjs/toolkit/loader.js -> resource://commonfix-at-mozillaonline-dot-com/lib/main.js:316:1
7月 01, 2017 23:33:48.29 unload/<@resource://gre/modules/commonjs/toolkit/loader.js -> resource://gre/modules/commonjs/sdk/system/unload.js:79:9
7月 01, 2017 23:33:48.29 unload@resource://gre/modules/commonjs/toolkit/loader.js -> resource://gre/modules/commonjs/sdk/system/unload.js:73:3
7月 01, 2017 23:33:48.30 onunload@resource://gre/modules/commonjs/toolkit/loader.js -> resource://gre/modules/commonjs/sdk/system/unload.js:99:5
7月 01, 2017 23:33:48.30 observe@resource://gre/modules/commonjs/toolkit/loader.js -> resource://gre/modules/commonjs/sdk/system/events.js:81:7
7月 01, 2017 23:33:48.30 unload@resource://gre/modules/commonjs/toolkit/loader.js:956:3
7月 01, 2017 23:33:48.30 unload/<@resource://gre/modules/commonjs/toolkit/loader.js -> resource://gre/modules/commonjs/sdk/addon/bootstrap.js:156:9
7月 01, 2017 23:33:48.31 unload@resource://gre/modules/commonjs/toolkit/loader.js -> resource://gre/modules/commonjs/sdk/addon/bootstrap.js:152:12
7月 01, 2017 23:33:48.31 shutdown@resource://gre/modules/commonjs/toolkit/loader.js -> resource://gre/modules/commonjs/sdk/addon/bootstrap.js:149:12
7月 01, 2017 23:33:48.31 callBootstrapMethod@resource://gre/modules/addons/XPIProvider.jsm:4982:11
7月 01, 2017 23:33:48.31 observe@resource://gre/modules/addons/XPIProvider.jsm:2917:15
7月 01, 2017 23:33:48.31 
